<?xml version="1.0" encoding="UTF-8"?>
<!-- Generated by org.testng.reporters.JUnitXMLReporter -->
<testsuite hostname="LAPTOP-2UMQF4J5" name="POM TestNG" tests="1" failures="0" timestamp="12 Apr 2020 14:29:57 GMT" time="0.159" errors="0">
  <testcase name="@BeforeTest initialize" time="0.0" classname="tests.TestBase">
    <failure type="java.lang.IllegalStateException" message="The driver executable does not exist: C:\Automation\DriverFiles\chromedriver_win32\chromerdriver.exe">
      <![CDATA[java.lang.IllegalStateException: The driver executable does not exist: C:\Automation\DriverFiles\chromedriver_win32\chromerdriver.exe
	at com.google.common.base.Preconditions.checkState(Preconditions.java:199)
	at org.openqa.selenium.remote.service.DriverService.checkExecutable(DriverService.java:121)
	at org.openqa.selenium.remote.service.DriverService.findExecutable(DriverService.java:116)
	at org.openqa.selenium.chrome.ChromeDriverService.access$000(ChromeDriverService.java:32)
	at org.openqa.selenium.chrome.ChromeDriverService$Builder.findDefaultExecutable(ChromeDriverService.java:137)
	at org.openqa.selenium.remote.service.DriverService$Builder.build(DriverService.java:296)
	at org.openqa.selenium.chrome.ChromeDriverService.createDefaultService(ChromeDriverService.java:88)
	at org.openqa.selenium.chrome.ChromeDriver.<init>(ChromeDriver.java:116)
	at tests.TestBase.initialize(TestBase.java:22)
... Removed 22 stack frames]]>
    </failure>
  </testcase> <!-- @BeforeTest initialize -->
  <testcase name="@AfterTest closeApp" time="0.0" classname="tests.TestBase">
    <skipped/>
  </testcase> <!-- @AfterTest closeApp -->
  <testcase name="init" time="0.002" classname="tests.OrderPlacement">
    <skipped/>
  </testcase> <!-- init -->
</testsuite> <!-- POM TestNG -->
